RUN	com.opencast.gatlingtest.SearchAndEditCompute	searchandeditcompute	1678786932248	feeder	3.6.1
ERROR	GetComputers: Failed to build request: No baseUrl defined but provided url is relative : /computers 	1678786932610
USER	Users	START	1678786932603
USER	Administrators	START	1678786932608
REQUEST		GetComputers	1678786932616	1678786933029	OK	 
ERROR	GetComputers: Failed to build request: No baseUrl defined but provided url is relative : /computers 	1678786933602
USER	Users	START	1678786933601
ERROR	GetComputers: Failed to build request: No baseUrl defined but provided url is relative : /computers 	1678786934601
USER	Users	START	1678786934600
USER	Administrators	START	1678786934602
ERROR	Search: Failed to build request: No baseUrl defined but provided url is relative : /computers?f=ACE 	1678786934613
REQUEST		GetComputers	1678786934603	1678786935019	OK	 
REQUEST		Search	1678786935081	1678786935183	OK	 
ERROR	GetComputers: Failed to build request: No baseUrl defined but provided url is relative : /computers 	1678786935598
USER	Users	START	1678786935598
ERROR	Search: Failed to build request: No baseUrl defined but provided url is relative : /computers?f=ACE 	1678786935603
ERROR	GetComputers: Failed to build request: No baseUrl defined but provided url is relative : /computers 	1678786936598
USER	Users	START	1678786936598
ERROR	Search: Failed to build request: No baseUrl defined but provided url is relative : /computers?f=ACE 	1678786936603
ERROR	Edit: Failed to build request: No baseUrl defined but provided url is relative : /computers/381 	1678786936614
REQUEST		Search	1678786937025	1678786937134	OK	 
REQUEST		Edit	1678786937187	1678786937283	OK	 
ERROR	GetComputers: Failed to build request: No baseUrl defined but provided url is relative : /computers 	1678786937598
USER	Users	START	1678786937598
USER	Administrators	START	1678786937598
ERROR	Search: Failed to build request: No baseUrl defined but provided url is relative : /computers?f=ACE 	1678786937601
ERROR	Edit: Failed to build request: No baseUrl defined but provided url is relative : /computers/381 	1678786937605
REQUEST		GetComputers	1678786937599	1678786938008	OK	 
ERROR	GetComputers: Failed to build request: No baseUrl defined but provided url is relative : /computers 	1678786938599
USER	Users	START	1678786938599
ERROR	Search: Failed to build request: No baseUrl defined but provided url is relative : /computers?f=ACE 	1678786938601
ERROR	Edit: Failed to build request: No baseUrl defined but provided url is relative : /computers/381 	1678786938604
REQUEST		Edit	1678786939140	1678786939248	OK	 
ERROR	GetComputers: Failed to build request: No baseUrl defined but provided url is relative : /computers 	1678786939599
USER	Users	START	1678786939599
ERROR	Edit: Failed to build request: No baseUrl defined but provided url is relative : /computers/381 	1678786939602
ERROR	Search: Failed to build request: No baseUrl defined but provided url is relative : /computers?f=ACE 	1678786939602
USER	Administrators	START	1678786939599
REQUEST		GetComputers	1678786939601	1678786940002	OK	 
REQUEST		Search	1678786940013	1678786940124	OK	 
ERROR	GetComputers: Failed to build request: No baseUrl defined but provided url is relative : /computers 	1678786940600
USER	Users	START	1678786940599
ERROR	Search: Failed to build request: No baseUrl defined but provided url is relative : /computers?f=ACE 	1678786940607
ERROR	Edit: Failed to build request: No baseUrl defined but provided url is relative : /computers/381 	1678786940607
USER	Users	END	1678786940618
REQUEST		Save	1678786941299	1678786941409	OK	 
REQUEST		Save Redirect 1	1678786941424	1678786941530	OK	 
ERROR	GetComputers: Failed to build request: No baseUrl defined but provided url is relative : /computers 	1678786941598
USER	Users	START	1678786941598
ERROR	Edit: Failed to build request: No baseUrl defined but provided url is relative : /computers/381 	1678786941603
ERROR	Search: Failed to build request: No baseUrl defined but provided url is relative : /computers?f=ACE 	1678786941603
USER	Users	END	1678786941607
REQUEST		Search	1678786942008	1678786942125	OK	 
REQUEST		Edit	1678786942128	1678786942230	OK	 
ERROR	Search: Failed to build request: No baseUrl defined but provided url is relative : /computers?f=ACE 	1678786942604
USER	Users	END	1678786942606
ERROR	Edit: Failed to build request: No baseUrl defined but provided url is relative : /computers/381 	1678786942609
REQUEST		Save	1678786943253	1678786943361	OK	 
REQUEST		Save Redirect 1	1678786943363	1678786943467	OK	 
ERROR	Search: Failed to build request: No baseUrl defined but provided url is relative : /computers?f=ACE 	1678786943600
USER	Users	END	1678786943604
ERROR	Edit: Failed to build request: No baseUrl defined but provided url is relative : /computers/381 	1678786943605
REQUEST		Edit	1678786944132	1678786944239	OK	 
USER	Administrators	END	1678786944539
ERROR	Edit: Failed to build request: No baseUrl defined but provided url is relative : /computers/381 	1678786944606
USER	Users	END	1678786944609
ERROR	Edit: Failed to build request: No baseUrl defined but provided url is relative : /computers/381 	1678786945604
USER	Users	END	1678786945606
REQUEST		Save	1678786946234	1678786946339	OK	 
REQUEST		Save Redirect 1	1678786946341	1678786946445	OK	 
USER	Administrators	END	1678786946470
USER	Users	END	1678786946613
USER	Users	END	1678786947607
REQUEST		Save	1678786948245	1678786948346	OK	 
REQUEST		Save Redirect 1	1678786948347	1678786948450	OK	 
USER	Users	END	1678786948609
USER	Administrators	END	1678786949453
USER	Users	END	1678786949610
USER	Administrators	END	1678786951457
