RUN	com.opencast.gatlingtest.api.PostPutDeleteDemo	postputdeletedemo	1678733409730	demo5	3.6.1
USER	Delete User	START	1678733410060
USER	Update user	START	1678733410059
USER	create user	START	1678733410058
REQUEST		Delete user Request	1678733410069	1678733410208	OK	 
REQUEST		Create user Request	1678733410069	1678733410228	OK	 
REQUEST		update user	1678733410069	1678733410285	OK	 
USER	Update user	START	1678733410553
USER	Delete User	START	1678733410553
USER	create user	START	1678733410555
REQUEST		update user	1678733410554	1678733410711	OK	 
REQUEST		Create user Request	1678733410555	1678733410721	OK	 
REQUEST		Delete user Request	1678733410554	1678733410732	OK	 
USER	Update user	START	1678733411053
USER	Delete User	START	1678733411054
USER	create user	START	1678733411056
REQUEST		Create user Request	1678733411057	1678733411185	OK	 
REQUEST		update user	1678733411056	1678733411195	OK	 
REQUEST		Delete user Request	1678733411056	1678733411210	OK	 
USER	Delete User	END	1678733411218
USER	create user	END	1678733411247
USER	Update user	START	1678733411554
USER	create user	START	1678733411557
REQUEST		update user	1678733411556	1678733411694	OK	 
REQUEST		Create user Request	1678733411558	1678733411713	OK	 
USER	create user	END	1678733411724
USER	Delete User	END	1678733411734
USER	Update user	START	1678733412054
USER	create user	START	1678733412057
USER	create user	END	1678733412191
USER	Delete User	END	1678733412215
USER	Update user	END	1678733412288
USER	create user	START	1678733412553
USER	Update user	START	1678733412553
REQUEST		update user	1678733412557	1678733412670	OK	 
USER	create user	END	1678733412719
USER	Update user	END	1678733412719
REQUEST		Create user Request	1678733412554	1678733412732	OK	 
USER	create user	START	1678733413054
USER	Update user	END	1678733413197
REQUEST		Create user Request	1678733412058	1678733413204	OK	 
REQUEST		Create user Request	1678733413058	1678733413206	OK	 
REQUEST		update user	1678733412056	1678733413211	OK	 
USER	create user	START	1678733413553
REQUEST		Create user Request	1678733413554	1678733413690	OK	 
USER	Update user	END	1678733413698
USER	create user	END	1678733413736
USER	create user	START	1678733414053
REQUEST		Create user Request	1678733414058	1678733414171	OK	 
USER	create user	END	1678733414207
USER	create user	END	1678733414208
USER	create user	START	1678733414553
USER	Update user	END	1678733414674
USER	create user	END	1678733414694
REQUEST		Create user Request	1678733414555	1678733414697	OK	 
USER	create user	END	1678733415179
USER	Update user	END	1678733415216
USER	create user	END	1678733415705
