RUN	com.opencast.gatlingtest.api.PostPutDeleteDemo	postputdeletedemo	1678733156349	demo5	3.6.1
USER	create user	START	1678733156636
USER	Update user	START	1678733156637
REQUEST		Create user Request	1678733156648	1678733156768	OK	 
REQUEST		update user	1678733156648	1678733156777	OK	 
USER	Update user	START	1678733157132
USER	create user	START	1678733157133
REQUEST		update user	1678733157133	1678733157268	OK	 
REQUEST		Create user Request	1678733157133	1678733157281	OK	 
USER	Update user	START	1678733157632
USER	create user	START	1678733157633
USER	create user	END	1678733157797
REQUEST		Create user Request	1678733157634	1678733157879	OK	 
REQUEST		update user	1678733157633	1678733157879	OK	 
USER	Update user	START	1678733158131
USER	create user	START	1678733158133
USER	create user	END	1678733158283
REQUEST		Create user Request	1678733158133	1678733158305	OK	 
REQUEST		update user	1678733158132	1678733158305	OK	 
USER	Update user	START	1678733158633
USER	create user	START	1678733158635
USER	Update user	END	1678733158794
REQUEST		update user	1678733158635	1678733158803	OK	 
REQUEST		Create user Request	1678733158635	1678733158849	OK	 
USER	create user	END	1678733158882
USER	Update user	START	1678733159131
USER	create user	START	1678733159131
REQUEST		update user	1678733159132	1678733159240	OK	 
USER	Update user	END	1678733159271
REQUEST		Create user Request	1678733159132	1678733159273	OK	 
USER	create user	END	1678733159310
USER	create user	START	1678733159632
REQUEST		Create user Request	1678733159634	1678733159736	OK	 
USER	create user	END	1678733159853
USER	Update user	END	1678733159882
USER	create user	START	1678733160133
REQUEST		Create user Request	1678733160134	1678733160233	OK	 
USER	create user	END	1678733160279
USER	Update user	END	1678733160312
USER	create user	START	1678733160632
USER	create user	END	1678733160740
REQUEST		Create user Request	1678733160633	1678733160753	OK	 
USER	Update user	END	1678733160809
USER	create user	START	1678733161132
USER	create user	END	1678733161241
USER	Update user	END	1678733161244
REQUEST		Create user Request	1678733161134	1678733161244	OK	 
USER	create user	END	1678733161757
USER	create user	END	1678733162250
